[02-Mar-2026 19:10:32 +0000]: PHP Error: Failed to load plugin file /var/www/html/plugins/calendar/calendar.php in /var/www/html/program/lib/Roundcube/rcube_plugin_api.php on line 193 (GET /?_task=mail&_mbox=INBOX)
[02-Mar-2026 19:10:33 +0000]: PHP Error: Failed to load plugin file /var/www/html/plugins/calendar/calendar.php in /var/www/html/program/lib/Roundcube/rcube_plugin_api.php on line 193 (GET /?_task=mail&_action=getunread&_page=1&_remote=1&_unlock=0&_=1772478632850)
[02-Mar-2026 19:10:33 +0000]: PHP Error: Failed to load plugin file /var/www/html/plugins/calendar/calendar.php in /var/www/html/program/lib/Roundcube/rcube_plugin_api.php on line 193 (GET /?_task=mail&_action=list&_refresh=1&_layout=widescreen&_mbox=INBOX&_page=&_remote=1&_unlock=loading1772478633014&_=1772478632849)
[02-Mar-2026 19:11:52 +0000]: PHP Error: Failed to load plugin file /var/www/html/plugins/calendar/calendar.php in /var/www/html/program/lib/Roundcube/rcube_plugin_api.php on line 193 (GET /?_task=mail&_mbox=INBOX)
[02-Mar-2026 19:11:52 +0000]: PHP Error: Failed to load plugin file /var/www/html/plugins/calendar/calendar.php in /var/www/html/program/lib/Roundcube/rcube_plugin_api.php on line 193 (GET /?_task=mail&_action=list&_refresh=1&_layout=widescreen&_mbox=INBOX&_page=&_remote=1&_unlock=loading1772478712499&_=1772478712419)
[02-Mar-2026 19:11:52 +0000]: PHP Error: Failed to load plugin file /var/www/html/plugins/calendar/calendar.php in /var/www/html/program/lib/Roundcube/rcube_plugin_api.php on line 193 (GET /?_task=mail&_action=getunread&_page=1&_remote=1&_unlock=0&_=1772478712420)
[02-Mar-2026 19:11:53 +0000]: PHP Error: Failed to load plugin file /var/www/html/plugins/calendar/calendar.php in /var/www/html/program/lib/Roundcube/rcube_plugin_api.php on line 193 (GET /?_task=mail&_mbox=INBOX)
[02-Mar-2026 19:11:54 +0000]: PHP Error: Failed to load plugin file /var/www/html/plugins/calendar/calendar.php in /var/www/html/program/lib/Roundcube/rcube_plugin_api.php on line 193 (GET /?_task=mail&_action=list&_refresh=1&_layout=widescreen&_mbox=INBOX&_page=&_remote=1&_unlock=loading1772478714087&_=1772478714027)
[02-Mar-2026 19:11:54 +0000]: PHP Error: Failed to load plugin file /var/www/html/plugins/calendar/calendar.php in /var/www/html/program/lib/Roundcube/rcube_plugin_api.php on line 193 (GET /?_task=mail&_action=getunread&_page=1&_remote=1&_unlock=0&_=1772478714028)
[02-Mar-2026 19:11:54 +0000]: PHP Error: Failed to load plugin file /var/www/html/plugins/calendar/calendar.php in /var/www/html/program/lib/Roundcube/rcube_plugin_api.php on line 193 (GET /?_task=mail&_mbox=INBOX)
[02-Mar-2026 19:11:54 +0000]: PHP Error: Failed to load plugin file /var/www/html/plugins/calendar/calendar.php in /var/www/html/program/lib/Roundcube/rcube_plugin_api.php on line 193 (GET /?_task=mail&_mbox=INBOX)
[02-Mar-2026 19:11:54 +0000]: PHP Error: Failed to load plugin file /var/www/html/plugins/calendar/calendar.php in /var/www/html/program/lib/Roundcube/rcube_plugin_api.php on line 193 (GET /?_task=mail&_action=getunread&_page=1&_remote=1&_unlock=0&_=1772478714585)
[02-Mar-2026 19:11:54 +0000]: PHP Error: Failed to load plugin file /var/www/html/plugins/calendar/calendar.php in /var/www/html/program/lib/Roundcube/rcube_plugin_api.php on line 193 (GET /?_task=mail&_action=list&_refresh=1&_layout=widescreen&_mbox=INBOX&_page=&_remote=1&_unlock=loading1772478714856&_=1772478714584)
[02-Mar-2026 19:11:55 +0000]: PHP Error: Failed to load plugin file /var/www/html/plugins/calendar/calendar.php in /var/www/html/program/lib/Roundcube/rcube_plugin_api.php on line 193 (GET /?_task=mail&_mbox=INBOX)
[02-Mar-2026 19:11:55 +0000]: PHP Error: Failed to load plugin file /var/www/html/plugins/calendar/calendar.php in /var/www/html/program/lib/Roundcube/rcube_plugin_api.php on line 193 (GET /?_task=mail&_action=getunread&_page=1&_remote=1&_unlock=0&_=1772478715039)
[02-Mar-2026 19:11:55 +0000]: PHP Error: Failed to load plugin file /var/www/html/plugins/calendar/calendar.php in /var/www/html/program/lib/Roundcube/rcube_plugin_api.php on line 193 (GET /?_task=mail&_action=list&_refresh=1&_layout=widescreen&_mbox=INBOX&_page=&_remote=1&_unlock=loading1772478715146&_=1772478715038)
[02-Mar-2026 19:11:55 +0000]: PHP Error: Failed to load plugin file /var/www/html/plugins/calendar/calendar.php in /var/www/html/program/lib/Roundcube/rcube_plugin_api.php on line 193 (GET /?_task=mail&_action=getunread&_page=1&_remote=1&_unlock=0&_=1772478715356)
[02-Mar-2026 19:11:55 +0000]: PHP Error: Failed to load plugin file /var/www/html/plugins/calendar/calendar.php in /var/www/html/program/lib/Roundcube/rcube_plugin_api.php on line 193 (GET /?_task=mail&_action=list&_refresh=1&_layout=widescreen&_mbox=INBOX&_page=&_remote=1&_unlock=loading1772478715480&_=1772478715355)
[02-Mar-2026 19:11:58 +0000]: PHP Error: Failed to load plugin file /var/www/html/plugins/calendar/calendar.php in /var/www/html/program/lib/Roundcube/rcube_plugin_api.php on line 193 (GET /?_task=logout&_token=lpXr5Lrq62g6AoeqDz8sH5dBLVgdMT7H)
[02-Mar-2026 19:12:04 +0000]: PHP Error: Failed to load plugin file /var/www/html/plugins/calendar/calendar.php in /var/www/html/program/lib/Roundcube/rcube_plugin_api.php on line 193 (POST /?_task=login&_action=login)
[02-Mar-2026 19:12:04 +0000]: PHP Error: Failed to load plugin file /var/www/html/plugins/calendar/calendar.php in /var/www/html/program/lib/Roundcube/rcube_plugin_api.php on line 193 (GET /?_task=mail&_token=JgYgCT7n6sUgIwyJEsHdiMPN22h1ZrgS)
[02-Mar-2026 19:12:04 +0000]: PHP Error: Failed to load plugin file /var/www/html/plugins/calendar/calendar.php in /var/www/html/program/lib/Roundcube/rcube_plugin_api.php on line 193 (GET /?_task=mail&_action=list&_refresh=1&_layout=widescreen&_mbox=INBOX&_page=&_remote=1&_unlock=loading1772478724885&_=1772478724836)
[02-Mar-2026 19:12:04 +0000]: PHP Error: Failed to load plugin file /var/www/html/plugins/calendar/calendar.php in /var/www/html/program/lib/Roundcube/rcube_plugin_api.php on line 193 (GET /?_task=mail&_action=getunread&_page=1&_remote=1&_unlock=0&_=1772478724837)
[02-Mar-2026 19:13:36 UTC] PHP Fatal error:  Uncaught Error: Class "Sabre\VObject\Property\Text" not found in /var/www/html/plugins/libcalendaring/lib/libcalendaring_vcalendar.php:1577
Stack trace:
#0 /var/www/html/program/lib/Roundcube/bootstrap.php(446): include_once()
#1 /var/www/html/plugins/libcalendaring/libcalendaring.php(179): rcube_autoload()
#2 /var/www/html/plugins/libcalendaring/libcalendaring.php(1203): libcalendaring::get_ical()
#3 /var/www/html/plugins/calendar/calendar.php(3263): libcalendaring->get_mail_ical_objects()
#4 /var/www/html/program/lib/Roundcube/rcube_plugin_api.php(520): calendar->mail_messagebody_html()
#5 /var/www/html/program/include/rcmail_output_html.php(1615): rcube_plugin_api->exec_hook()
#6 [internal function]: rcmail_output_html->xml_command()
#7 /var/www/html/program/include/rcmail_output_html.php(1322): preg_replace_callback()
#8 /var/www/html/program/include/rcmail_output_html.php(825): rcmail_output_html->parse_xml()
#9 /var/www/html/program/include/rcmail_output_html.php(654): rcmail_output_html->parse()
#10 /var/www/html/program/actions/mail/show.php(164): rcmail_output_html->send()
#11 /var/www/html/program/include/rcmail.php(282): rcmail_action_mail_show->run()
#12 /var/www/html/index.php(278): rcmail->action_handler()
#13 /var/www/html/public_html/index.php(26): include('...')
#14 {main}
  thrown in /var/www/html/plugins/libcalendaring/lib/libcalendaring_vcalendar.php on line 1577
[02-Mar-2026 19:15:04 UTC] PHP Fatal error:  Uncaught Error: Class "Sabre\VObject\Property\Text" not found in /var/www/html/plugins/libcalendaring/lib/libcalendaring_vcalendar.php:1577
Stack trace:
#0 /var/www/html/program/lib/Roundcube/bootstrap.php(446): include_once()
#1 /var/www/html/plugins/libcalendaring/libcalendaring.php(179): rcube_autoload()
#2 /var/www/html/plugins/libcalendaring/libcalendaring.php(1203): libcalendaring::get_ical()
#3 /var/www/html/plugins/calendar/calendar.php(3263): libcalendaring->get_mail_ical_objects()
#4 /var/www/html/program/lib/Roundcube/rcube_plugin_api.php(520): calendar->mail_messagebody_html()
#5 /var/www/html/program/include/rcmail_output_html.php(1615): rcube_plugin_api->exec_hook()
#6 [internal function]: rcmail_output_html->xml_command()
#7 /var/www/html/program/include/rcmail_output_html.php(1322): preg_replace_callback()
#8 /var/www/html/program/include/rcmail_output_html.php(825): rcmail_output_html->parse_xml()
#9 /var/www/html/program/include/rcmail_output_html.php(654): rcmail_output_html->parse()
#10 /var/www/html/program/actions/mail/show.php(164): rcmail_output_html->send()
#11 /var/www/html/program/include/rcmail.php(282): rcmail_action_mail_show->run()
#12 /var/www/html/index.php(278): rcmail->action_handler()
#13 /var/www/html/public_html/index.php(26): include('...')
#14 {main}
  thrown in /var/www/html/plugins/libcalendaring/lib/libcalendaring_vcalendar.php on line 1577
[02-Mar-2026 19:15:07 UTC] PHP Fatal error:  Uncaught Error: Class "Sabre\VObject\Property\Text" not found in /var/www/html/plugins/libcalendaring/lib/libcalendaring_vcalendar.php:1577
Stack trace:
#0 /var/www/html/program/lib/Roundcube/bootstrap.php(446): include_once()
#1 /var/www/html/plugins/libcalendaring/libcalendaring.php(179): rcube_autoload()
#2 /var/www/html/plugins/libcalendaring/libcalendaring.php(1203): libcalendaring::get_ical()
#3 /var/www/html/plugins/calendar/calendar.php(3263): libcalendaring->get_mail_ical_objects()
#4 /var/www/html/program/lib/Roundcube/rcube_plugin_api.php(520): calendar->mail_messagebody_html()
#5 /var/www/html/program/include/rcmail_output_html.php(1615): rcube_plugin_api->exec_hook()
#6 [internal function]: rcmail_output_html->xml_command()
#7 /var/www/html/program/include/rcmail_output_html.php(1322): preg_replace_callback()
#8 /var/www/html/program/include/rcmail_output_html.php(825): rcmail_output_html->parse_xml()
#9 /var/www/html/program/include/rcmail_output_html.php(654): rcmail_output_html->parse()
#10 /var/www/html/program/actions/mail/show.php(164): rcmail_output_html->send()
#11 /var/www/html/program/include/rcmail.php(282): rcmail_action_mail_show->run()
#12 /var/www/html/index.php(278): rcmail->action_handler()
#13 /var/www/html/public_html/index.php(26): include('...')
#14 {main}
  thrown in /var/www/html/plugins/libcalendaring/lib/libcalendaring_vcalendar.php on line 1577
[02-Mar-2026 19:17:20 UTC] PHP Fatal error:  Uncaught Error: Class "Sabre\VObject\Property\Text" not found in /var/www/html/plugins/libcalendaring/lib/libcalendaring_vcalendar.php:1577
Stack trace:
#0 /var/www/html/program/lib/Roundcube/bootstrap.php(446): include_once()
#1 /var/www/html/plugins/libcalendaring/libcalendaring.php(179): rcube_autoload()
#2 /var/www/html/plugins/libcalendaring/libcalendaring.php(1203): libcalendaring::get_ical()
#3 /var/www/html/plugins/calendar/calendar.php(3263): libcalendaring->get_mail_ical_objects()
#4 /var/www/html/program/lib/Roundcube/rcube_plugin_api.php(520): calendar->mail_messagebody_html()
#5 /var/www/html/program/include/rcmail_output_html.php(1615): rcube_plugin_api->exec_hook()
#6 [internal function]: rcmail_output_html->xml_command()
#7 /var/www/html/program/include/rcmail_output_html.php(1322): preg_replace_callback()
#8 /var/www/html/program/include/rcmail_output_html.php(825): rcmail_output_html->parse_xml()
#9 /var/www/html/program/include/rcmail_output_html.php(654): rcmail_output_html->parse()
#10 /var/www/html/program/actions/mail/show.php(164): rcmail_output_html->send()
#11 /var/www/html/program/include/rcmail.php(282): rcmail_action_mail_show->run()
#12 /var/www/html/index.php(278): rcmail->action_handler()
#13 /var/www/html/public_html/index.php(26): include('...')
#14 {main}
  thrown in /var/www/html/plugins/libcalendaring/lib/libcalendaring_vcalendar.php on line 1577
[02-Mar-2026 19:19:12 UTC] PHP Fatal error:  Uncaught Error: Class "Sabre\VObject\Property\Text" not found in /var/www/html/plugins/libcalendaring/lib/libcalendaring_vcalendar.php:1577
Stack trace:
#0 /var/www/html/program/lib/Roundcube/bootstrap.php(446): include_once()
#1 /var/www/html/plugins/libcalendaring/libcalendaring.php(179): rcube_autoload()
#2 /var/www/html/plugins/libcalendaring/libcalendaring.php(1203): libcalendaring::get_ical()
#3 /var/www/html/plugins/calendar/calendar.php(3263): libcalendaring->get_mail_ical_objects()
#4 /var/www/html/program/lib/Roundcube/rcube_plugin_api.php(520): calendar->mail_messagebody_html()
#5 /var/www/html/program/include/rcmail_output_html.php(1615): rcube_plugin_api->exec_hook()
#6 [internal function]: rcmail_output_html->xml_command()
#7 /var/www/html/program/include/rcmail_output_html.php(1322): preg_replace_callback()
#8 /var/www/html/program/include/rcmail_output_html.php(825): rcmail_output_html->parse_xml()
#9 /var/www/html/program/include/rcmail_output_html.php(654): rcmail_output_html->parse()
#10 /var/www/html/program/actions/mail/show.php(164): rcmail_output_html->send()
#11 /var/www/html/program/include/rcmail.php(282): rcmail_action_mail_show->run()
#12 /var/www/html/index.php(278): rcmail->action_handler()
#13 /var/www/html/public_html/index.php(26): include('...')
#14 {main}
  thrown in /var/www/html/plugins/libcalendaring/lib/libcalendaring_vcalendar.php on line 1577
[02-Mar-2026 19:20:57 +0000]: PHP Error: Failed to load plugin file /var/www/html/plugins/stratus_helper/stratus_helper.php in /var/www/html/program/lib/Roundcube/rcube_plugin_api.php on line 193 (GET /?_task=mail&_mbox=INBOX)
[02-Mar-2026 19:20:58 +0000]: <1c64821c> PHP Error: Error loading template for login in /var/www/html/program/include/rcmail_output_html.php on line 804 (GET /?_task=mail&_mbox=INBOX)
[02-Mar-2026 19:21:10 +0000]: PHP Error: Failed to load plugin file /var/www/html/plugins/stratus_helper/stratus_helper.php in /var/www/html/program/lib/Roundcube/rcube_plugin_api.php on line 193 (GET /?_task=mail&_mbox=INBOX)
[02-Mar-2026 19:21:10 +0000]: <1c64821c> PHP Error: Error loading template for login in /var/www/html/program/include/rcmail_output_html.php on line 804 (GET /?_task=mail&_mbox=INBOX)
[02-Mar-2026 19:21:11 +0000]: PHP Error: Failed to load plugin file /var/www/html/plugins/stratus_helper/stratus_helper.php in /var/www/html/program/lib/Roundcube/rcube_plugin_api.php on line 193 (GET /?_task=mail&_mbox=INBOX)
[02-Mar-2026 19:21:11 +0000]: <1c64821c> PHP Error: Error loading template for login in /var/www/html/program/include/rcmail_output_html.php on line 804 (GET /?_task=mail&_mbox=INBOX)
[02-Mar-2026 19:21:13 +0000]: PHP Error: Failed to load plugin file /var/www/html/plugins/stratus_helper/stratus_helper.php in /var/www/html/program/lib/Roundcube/rcube_plugin_api.php on line 193 (GET /?_task=mail&_mbox=INBOX)
[02-Mar-2026 19:21:13 +0000]: <1c64821c> PHP Error: Error loading template for login in /var/www/html/program/include/rcmail_output_html.php on line 804 (GET /?_task=mail&_mbox=INBOX)
[02-Mar-2026 19:21:53 UTC] PHP Fatal error:  Uncaught Error: Class "Sabre\VObject\Property\Text" not found in /var/www/html/plugins/libcalendaring/lib/libcalendaring_vcalendar.php:1577
Stack trace:
#0 /var/www/html/program/lib/Roundcube/bootstrap.php(446): include_once()
#1 /var/www/html/plugins/libcalendaring/libcalendaring.php(179): rcube_autoload()
#2 /var/www/html/plugins/libcalendaring/libcalendaring.php(1203): libcalendaring::get_ical()
#3 /var/www/html/plugins/calendar/calendar.php(3263): libcalendaring->get_mail_ical_objects()
#4 /var/www/html/program/lib/Roundcube/rcube_plugin_api.php(520): calendar->mail_messagebody_html()
#5 /var/www/html/program/include/rcmail_output_html.php(1615): rcube_plugin_api->exec_hook()
#6 [internal function]: rcmail_output_html->xml_command()
#7 /var/www/html/program/include/rcmail_output_html.php(1322): preg_replace_callback()
#8 /var/www/html/program/include/rcmail_output_html.php(825): rcmail_output_html->parse_xml()
#9 /var/www/html/program/include/rcmail_output_html.php(654): rcmail_output_html->parse()
#10 /var/www/html/program/actions/mail/show.php(164): rcmail_output_html->send()
#11 /var/www/html/program/include/rcmail.php(282): rcmail_action_mail_show->run()
#12 /var/www/html/index.php(278): rcmail->action_handler()
#13 /var/www/html/public_html/index.php(26): include('...')
#14 {main}
  thrown in /var/www/html/plugins/libcalendaring/lib/libcalendaring_vcalendar.php on line 1577
